<?xml version="1.0" encoding="UTF-8"?>
<testng-results ignored="0" total="4" passed="3" failed="1" skipped="0">
  <reporter-output>
  </reporter-output>
  <suite started-at="2023-12-20T21:47:19 ICT" name="TestSuite" finished-at="2023-12-20T21:48:19 ICT" duration-ms="60860">
    <groups>
    </groups>
    <test started-at="2023-12-20T21:47:19 ICT" name="AutomationTestProject run on firefox" finished-at="2023-12-20T21:47:49 ICT" duration-ms="30070">
      <class name="automation.testsuite.Day18_BTVN2">
        <test-method is-config="true" signature="openChrome(java.lang.String)[pri:0, instance:automation.testsuite.Day18_BTVN2@5a45133e]" started-at="2023-12-20T21:47:33 ICT" name="openChrome" finished-at="2023-12-20T21:47:45 ICT" duration-ms="12390" status="PASS">
          <params>
            <param index="0">
              <value>
                <![CDATA[firefox]]>
              </value>
            </param>
          </params>
          <reporter-output>
          </reporter-output>
        </test-method> <!-- openChrome -->
        <test-method signature="ClickonChat()[pri:0, instance:automation.testsuite.Day18_BTVN2@5a45133e]" started-at="2023-12-20T21:47:45 ICT" name="ClickonChat" finished-at="2023-12-20T21:47:49 ICT" duration-ms="3518" status="PASS">
          <reporter-output>
          </reporter-output>
        </test-method> <!-- ClickonChat -->
      </class> <!-- automation.testsuite.Day18_BTVN2 -->
      <class name="automation.testsuite.Day18_BTVN">
        <test-method is-config="true" signature="openChrome(java.lang.String)[pri:0, instance:automation.testsuite.Day18_BTVN@3a44431a]" started-at="2023-12-20T21:47:19 ICT" name="openChrome" finished-at="2023-12-20T21:47:31 ICT" duration-ms="12109" status="PASS">
          <params>
            <param index="0">
              <value>
                <![CDATA[firefox]]>
              </value>
            </param>
          </params>
          <reporter-output>
          </reporter-output>
        </test-method> <!-- openChrome -->
        <test-method signature="ClickonZalo()[pri:0, instance:automation.testsuite.Day18_BTVN@3a44431a]" started-at="2023-12-20T21:47:31 ICT" name="ClickonZalo" finished-at="2023-12-20T21:47:33 ICT" duration-ms="1966" status="FAIL">
          <exception class="java.lang.AssertionError">
            <message>
              <![CDATA[expected [https://zalo.me/0988169282] but found [about:blank]]]>
            </message>
            <full-stacktrace>
              <![CDATA[java.lang.AssertionError: expected [https://zalo.me/0988169282] but found [about:blank]
at org.testng.Assert.fail(Assert.java:99)
at org.testng.Assert.failNotEquals(Assert.java:1037)
at org.testng.Assert.assertEqualsImpl(Assert.java:140)
at org.testng.Assert.assertEquals(Assert.java:122)
at org.testng.Assert.assertEquals(Assert.java:629)
at org.testng.Assert.assertEquals(Assert.java:639)
at automation.testsuite.Day18_BTVN.ClickonZalo(Day18_BTVN.java:30)
at java.base/jdk.internal.reflect.NativeMethodAccessorImpl.invoke0(Native Method)
at java.base/jdk.internal.reflect.NativeMethodAccessorImpl.invoke(NativeMethodAccessorImpl.java:77)
at java.base/jdk.internal.reflect.DelegatingMethodAccessorImpl.invoke(DelegatingMethodAccessorImpl.java:43)
at java.base/java.lang.reflect.Method.invoke(Method.java:568)
at org.testng.internal.MethodInvocationHelper.invokeMethod(MethodInvocationHelper.java:133)
at org.testng.internal.TestInvoker.invokeMethod(TestInvoker.java:598)
at org.testng.internal.TestInvoker.invokeTestMethod(TestInvoker.java:173)
at org.testng.internal.MethodRunner.runInSequence(MethodRunner.java:46)
at org.testng.internal.TestInvoker$MethodInvocationAgent.invoke(TestInvoker.java:824)
at org.testng.internal.TestInvoker.invokeTestMethods(TestInvoker.java:146)
at org.testng.internal.TestMethodWorker.invokeTestMethods(TestMethodWorker.java:146)
at org.testng.internal.TestMethodWorker.run(TestMethodWorker.java:128)
at java.base/java.util.ArrayList.forEach(ArrayList.java:1511)
at org.testng.TestRunner.privateRun(TestRunner.java:794)
at org.testng.TestRunner.run(TestRunner.java:596)
at org.testng.SuiteRunner.runTest(SuiteRunner.java:377)
at org.testng.SuiteRunner.runSequentially(SuiteRunner.java:371)
at org.testng.SuiteRunner.privateRun(SuiteRunner.java:332)
at org.testng.SuiteRunner.run(SuiteRunner.java:276)
at org.testng.SuiteRunnerWorker.runSuite(SuiteRunnerWorker.java:53)
at org.testng.SuiteRunnerWorker.run(SuiteRunnerWorker.java:96)
at org.testng.TestNG.runSuitesSequentially(TestNG.java:1212)
at org.testng.TestNG.runSuitesLocally(TestNG.java:1134)
at org.testng.TestNG.runSuites(TestNG.java:1063)
at org.testng.TestNG.run(TestNG.java:1031)
at org.testng.remote.AbstractRemoteTestNG.run(AbstractRemoteTestNG.java:115)
at org.testng.remote.RemoteTestNG.initAndRun(RemoteTestNG.java:251)
at org.testng.remote.RemoteTestNG.main(RemoteTestNG.java:77)
]]>
            </full-stacktrace>
          </exception> <!-- java.lang.AssertionError -->
          <reporter-output>
          </reporter-output>
        </test-method> <!-- ClickonZalo -->
      </class> <!-- automation.testsuite.Day18_BTVN -->
    </test> <!-- AutomationTestProject run on firefox -->
    <test started-at="2023-12-20T21:47:49 ICT" name="Automation1TestProject run on firefox" finished-at="2023-12-20T21:48:19 ICT" duration-ms="30685">
      <class name="automation.testsuite.Day18_BTVN2">
        <test-method is-config="true" signature="openChrome(java.lang.String)[pri:0, instance:automation.testsuite.Day18_BTVN2@740cae06]" started-at="2023-12-20T21:48:06 ICT" name="openChrome" finished-at="2023-12-20T21:48:16 ICT" duration-ms="10031" status="PASS">
          <params>
            <param index="0">
              <value>
                <![CDATA[edge]]>
              </value>
            </param>
          </params>
          <reporter-output>
          </reporter-output>
        </test-method> <!-- openChrome -->
        <test-method signature="ClickonChat()[pri:0, instance:automation.testsuite.Day18_BTVN2@740cae06]" started-at="2023-12-20T21:48:16 ICT" name="ClickonChat" finished-at="2023-12-20T21:48:19 ICT" duration-ms="3714" status="PASS">
          <reporter-output>
          </reporter-output>
        </test-method> <!-- ClickonChat -->
      </class> <!-- automation.testsuite.Day18_BTVN2 -->
      <class name="automation.testsuite.Day18_BTVN">
        <test-method is-config="true" signature="openChrome(java.lang.String)[pri:0, instance:automation.testsuite.Day18_BTVN@f0c8a99]" started-at="2023-12-20T21:47:49 ICT" name="openChrome" finished-at="2023-12-20T21:48:02 ICT" duration-ms="13414" status="PASS">
          <params>
            <param index="0">
              <value>
                <![CDATA[edge]]>
              </value>
            </param>
          </params>
          <reporter-output>
          </reporter-output>
        </test-method> <!-- openChrome -->
        <test-method signature="ClickonZalo()[pri:0, instance:automation.testsuite.Day18_BTVN@f0c8a99]" started-at="2023-12-20T21:48:02 ICT" name="ClickonZalo" finished-at="2023-12-20T21:48:06 ICT" duration-ms="3517" status="PASS">
          <reporter-output>
          </reporter-output>
        </test-method> <!-- ClickonZalo -->
      </class> <!-- automation.testsuite.Day18_BTVN -->
    </test> <!-- Automation1TestProject run on firefox -->
  </suite> <!-- TestSuite -->
</testng-results>
