<?xml version="1.0" encoding="UTF-8"?>
<!-- Generated by org.testng.reporters.JUnitXMLReporter -->
<testsuite ignored="0" hostname="ntpthao" failures="1" tests="2" name="AutomationTestProject run on firefox" time="30.07" errors="0" timestamp="2023-12-20T21:47:49 ICT">
  <testcase classname="automation.testsuite.Day18_BTVN" name="ClickonZalo" time="1.966">
    <failure type="java.lang.AssertionError" message="expected [https://zalo.me/0988169282] but found [about:blank]">
      <![CDATA[java.lang.AssertionError: expected [https://zalo.me/0988169282] but found [about:blank]
at automation.testsuite.Day18_BTVN.ClickonZalo(Day18_BTVN.java:30)
at java.base/java.util.ArrayList.forEach(ArrayList.java:1511)
... Removed 33 stack frames]]>
    </failure>
  </testcase> <!-- ClickonZalo -->
  <testcase classname="automation.testsuite.Day18_BTVN2" name="ClickonChat" time="3.518"/>
</testsuite> <!-- AutomationTestProject run on firefox -->
